2026-01-20 16:20:18.717: WARNING: This is a development server. Do not use it in a production deployment. Use a production WSGI server instead.
2026-01-20 16:20:18.717:  * Running on all addresses (0.0.0.0)
2026-01-20 16:20:18.717:  * Running on http://127.0.0.1:5001
2026-01-20 16:20:18.717:  * Running on http://192.168.1.101:5001
2026-01-20 16:20:18.718: Press CTRL+C to quit
2026-01-20 16:25:06.870: 192.168.0.31 - - [20/Jan/2026 11:25:06] "GET / HTTP/1.1" 200 -
2026-01-20 16:25:09.665: 192.168.0.31 - - [20/Jan/2026 11:25:09] "GET /static/img/logo.png HTTP/1.1" 304 -
2026-01-20 16:25:10.473: 192.168.0.31 - - [20/Jan/2026 11:25:10] "GET /static/css/styles.css HTTP/1.1" 304 -
2026-01-20 16:25:11.375: 192.168.0.31 - - [20/Jan/2026 11:25:11] "GET /static/img/favicon.ico HTTP/1.1" 304 -
2026-01-20 16:25:14.492: 192.168.0.31 - - [20/Jan/2026 11:25:14] "GET / HTTP/1.1" 200 -
2026-01-20 16:25:15.659: 192.168.0.31 - - [20/Jan/2026 11:25:15] "GET /static/img/logo.png HTTP/1.1" 304 -
2026-01-20 16:25:15.662: 192.168.0.31 - - [20/Jan/2026 11:25:15] "GET /static/css/styles.css HTTP/1.1" 304 -
2026-01-20 16:25:22.329: 192.168.0.31 - - [20/Jan/2026 11:25:22] "GET / HTTP/1.1" 200 -
2026-01-20 16:25:22.355: 192.168.0.31 - - [20/Jan/2026 11:25:22] "GET /static/css/styles.css HTTP/1.1" 304 -
2026-01-20 16:25:22.356: 192.168.0.31 - - [20/Jan/2026 11:25:22] "GET /static/img/logo.png HTTP/1.1" 304 -
2026-01-20 16:25:24.310: 192.168.0.31 - - [20/Jan/2026 11:25:24] "GET /estantes/1 HTTP/1.1" 200 -
2026-01-20 16:25:24.515: 192.168.0.31 - - [20/Jan/2026 11:25:24] "GET /static/css/styles.css HTTP/1.1" 304 -
2026-01-20 16:25:24.516: 192.168.0.31 - - [20/Jan/2026 11:25:24] "GET /static/img/logo.png HTTP/1.1" 304 -
2026-01-20 16:25:25.726: 192.168.0.31 - - [20/Jan/2026 11:25:25] "GET /entrepanos/1 HTTP/1.1" 200 -
2026-01-20 16:25:25.828: 192.168.0.31 - - [20/Jan/2026 11:25:25] "GET /static/img/logo.png HTTP/1.1" 304 -
2026-01-20 16:25:25.830: 192.168.0.31 - - [20/Jan/2026 11:25:25] "GET /static/css/styles.css HTTP/1.1" 304 -
2026-01-20 16:27:06.862: WARNING: This is a development server. Do not use it in a production deployment. Use a production WSGI server instead.
2026-01-20 16:27:06.862:  * Running on all addresses (0.0.0.0)
2026-01-20 16:27:06.862:  * Running on http://127.0.0.1:5001
2026-01-20 16:27:06.862:  * Running on http://192.168.1.101:5001
2026-01-20 16:27:06.862: Press CTRL+C to quit
2026-01-20 16:49:16.124: WARNING: This is a development server. Do not use it in a production deployment. Use a production WSGI server instead.
2026-01-20 16:49:16.124:  * Running on all addresses (0.0.0.0)
2026-01-20 16:49:16.124:  * Running on http://127.0.0.1:5001
2026-01-20 16:49:16.124:  * Running on http://192.168.1.101:5001
2026-01-20 16:49:16.124: Press CTRL+C to quit
2026-01-20 16:50:36.944: WARNING: This is a development server. Do not use it in a production deployment. Use a production WSGI server instead.
2026-01-20 16:50:36.944:  * Running on all addresses (0.0.0.0)
2026-01-20 16:50:36.944:  * Running on http://127.0.0.1:5001
2026-01-20 16:50:36.944:  * Running on http://192.168.1.101:5001
2026-01-20 16:50:36.944: Press CTRL+C to quit
2026-01-20 16:50:40.929: 192.168.0.31 - - [20/Jan/2026 11:50:40] "GET / HTTP/1.1" 200 -
2026-01-20 16:50:40.982: 192.168.0.31 - - [20/Jan/2026 11:50:40] "GET /static/css/styles.css HTTP/1.1" 304 -
2026-01-20 16:50:40.986: 192.168.0.31 - - [20/Jan/2026 11:50:40] "GET /static/img/logo.png HTTP/1.1" 304 -
2026-01-20 16:50:41.079: 192.168.0.31 - - [20/Jan/2026 11:50:41] "GET /static/img/favicon.ico HTTP/1.1" 304 -
2026-01-20 16:50:42.582: 192.168.0.31 - - [20/Jan/2026 11:50:42] "GET / HTTP/1.1" 200 -
2026-01-20 16:50:42.752: 192.168.0.31 - - [20/Jan/2026 11:50:42] "GET /static/css/styles.css HTTP/1.1" 304 -
2026-01-20 16:50:42.754: 192.168.0.31 - - [20/Jan/2026 11:50:42] "GET /static/img/logo.png HTTP/1.1" 304 -
2026-01-20 16:50:42.837: 192.168.0.31 - - [20/Jan/2026 11:50:42] "GET /static/img/favicon.ico HTTP/1.1" 304 -
2026-01-20 16:50:46.350: [2026-01-20 11:50:46,253] ERROR in app: Exception on /exportar/pdf [GET]
2026-01-20 16:50:46.350: Traceback (most recent call last):
2026-01-20 16:50:46.350:   File "C:\Users\Produccion\AppData\Local\Python\pythoncore-3.14-64\Lib\site-packages\sqlalchemy\orm\attributes.py", line 475, in __getattr__
2026-01-20 16:50:46.350:     return getattr(self.comparator, key)
2026-01-20 16:50:46.350:   File "C:\Users\Produccion\AppData\Local\Python\pythoncore-3.14-64\Lib\site-packages\sqlalchemy\util\langhelpers.py", line 1416, in __getattr__
2026-01-20 16:50:46.350:     return self._fallback_getattr(key)
2026-01-20 16:50:46.350:            ~~~~~~~~~~~~~~~~~~~~~~^^^^^
2026-01-20 16:50:46.350:   File "C:\Users\Produccion\AppData\Local\Python\pythoncore-3.14-64\Lib\site-packages\sqlalchemy\util\langhelpers.py", line 1385, in _fallback_getattr
2026-01-20 16:50:46.350:     raise AttributeError(key)
2026-01-20 16:50:46.350: AttributeError: estante
2026-01-20 16:50:46.350: 
2026-01-20 16:50:46.350: The above exception was the direct cause of the following exception:
2026-01-20 16:50:46.351: 
2026-01-20 16:50:46.351: Traceback (most recent call last):
2026-01-20 16:50:46.351:   File "C:\Users\Produccion\AppData\Local\Python\pythoncore-3.14-64\Lib\site-packages\flask\app.py", line 1511, in wsgi_app
2026-01-20 16:50:46.351:     response = self.full_dispatch_request()
2026-01-20 16:50:46.351:   File "C:\Users\Produccion\AppData\Local\Python\pythoncore-3.14-64\Lib\site-packages\flask\app.py", line 919, in full_dispatch_request
2026-01-20 16:50:46.351:     rv = self.handle_user_exception(e)
2026-01-20 16:50:46.351:   File "C:\Users\Produccion\AppData\Local\Python\pythoncore-3.14-64\Lib\site-packages\flask\app.py", line 917, in full_dispatch_request
2026-01-20 16:50:46.351:     rv = self.dispatch_request()
2026-01-20 16:50:46.351:   File "C:\Users\Produccion\AppData\Local\Python\pythoncore-3.14-64\Lib\site-packages\flask\app.py", line 902, in dispatch_request
2026-01-20 16:50:46.351:     return self.ensure_sync(self.view_functions[rule.endpoint])(**view_args)  # type: ignore[no-any-return]
2026-01-20 16:50:46.351:            ~~~~~~~~~~~~~~~~~~~~~~~~~~~~~~~~~~~~~~~~~~~~~~~~~~~~^^^^^^^^^^^^^
2026-01-20 16:50:46.351:   File "C:\Users\Produccion\mapeo-inventario\app.py", line 359, in exportar_pdf
2026-01-20 16:50:46.351:     items = Item.query.order_by(Item.entrepano.estante.nombre).all()
2026-01-20 16:50:46.351:                                 ^^^^^^^^^^^^^^^^^^^^^^
2026-01-20 16:50:46.351:   File "C:\Users\Produccion\AppData\Local\Python\pythoncore-3.14-64\Lib\site-packages\sqlalchemy\orm\attributes.py", line 477, in __getattr__
2026-01-20 16:50:46.351:     raise AttributeError(
2026-01-20 16:50:46.351:     ...<8 lines>...
2026-01-20 16:50:46.351:     ) from err
2026-01-20 16:50:46.351: AttributeError: Neither 'InstrumentedAttribute' object nor 'Comparator' object associated with Item.entrepano has an attribute 'estante'
2026-01-20 16:50:46.351: 192.168.0.31 - - [20/Jan/2026 11:50:46] "GET /exportar/pdf HTTP/1.1" 500 -
2026-01-20 16:50:49.866: [2026-01-20 11:50:49,858] ERROR in app: Exception on /exportar/pdf [GET]
2026-01-20 16:50:49.867: Traceback (most recent call last):
2026-01-20 16:50:49.867:   File "C:\Users\Produccion\AppData\Local\Python\pythoncore-3.14-64\Lib\site-packages\sqlalchemy\orm\attributes.py", line 475, in __getattr__
2026-01-20 16:50:49.867:     return getattr(self.comparator, key)
2026-01-20 16:50:49.867:   File "C:\Users\Produccion\AppData\Local\Python\pythoncore-3.14-64\Lib\site-packages\sqlalchemy\util\langhelpers.py", line 1416, in __getattr__
2026-01-20 16:50:49.867:     return self._fallback_getattr(key)
2026-01-20 16:50:49.868:            ~~~~~~~~~~~~~~~~~~~~~~^^^^^
2026-01-20 16:50:49.868:   File "C:\Users\Produccion\AppData\Local\Python\pythoncore-3.14-64\Lib\site-packages\sqlalchemy\util\langhelpers.py", line 1385, in _fallback_getattr
2026-01-20 16:50:49.868:     raise AttributeError(key)
2026-01-20 16:50:49.868: AttributeError: estante
2026-01-20 16:50:49.868: 
2026-01-20 16:50:49.868: The above exception was the direct cause of the following exception:
2026-01-20 16:50:49.868: 
2026-01-20 16:50:49.869: Traceback (most recent call last):
2026-01-20 16:50:49.869:   File "C:\Users\Produccion\AppData\Local\Python\pythoncore-3.14-64\Lib\site-packages\flask\app.py", line 1511, in wsgi_app
2026-01-20 16:50:49.869:     response = self.full_dispatch_request()
2026-01-20 16:50:49.869:   File "C:\Users\Produccion\AppData\Local\Python\pythoncore-3.14-64\Lib\site-packages\flask\app.py", line 919, in full_dispatch_request
2026-01-20 16:50:49.869:     rv = self.handle_user_exception(e)
2026-01-20 16:50:49.869:   File "C:\Users\Produccion\AppData\Local\Python\pythoncore-3.14-64\Lib\site-packages\flask\app.py", line 917, in full_dispatch_request
2026-01-20 16:50:49.869:     rv = self.dispatch_request()
2026-01-20 16:50:49.869:   File "C:\Users\Produccion\AppData\Local\Python\pythoncore-3.14-64\Lib\site-packages\flask\app.py", line 902, in dispatch_request
2026-01-20 16:50:49.870:     return self.ensure_sync(self.view_functions[rule.endpoint])(**view_args)  # type: ignore[no-any-return]
2026-01-20 16:50:49.870:            ~~~~~~~~~~~~~~~~~~~~~~~~~~~~~~~~~~~~~~~~~~~~~~~~~~~~^^^^^^^^^^^^^
2026-01-20 16:50:49.870:   File "C:\Users\Produccion\mapeo-inventario\app.py", line 359, in exportar_pdf
2026-01-20 16:50:49.870:     items = Item.query.order_by(Item.entrepano.estante.nombre).all()
2026-01-20 16:50:49.870:                                 ^^^^^^^^^^^^^^^^^^^^^^
2026-01-20 16:50:49.870:   File "C:\Users\Produccion\AppData\Local\Python\pythoncore-3.14-64\Lib\site-packages\sqlalchemy\orm\attributes.py", line 477, in __getattr__
2026-01-20 16:50:49.870:     raise AttributeError(
2026-01-20 16:50:49.870:     ...<8 lines>...
2026-01-20 16:50:49.871:     ) from err
2026-01-20 16:50:49.871: AttributeError: Neither 'InstrumentedAttribute' object nor 'Comparator' object associated with Item.entrepano has an attribute 'estante'
2026-01-20 16:50:49.871: 192.168.0.31 - - [20/Jan/2026 11:50:49] "GET /exportar/pdf HTTP/1.1" 500 -
2026-01-20 16:50:53.201: [2026-01-20 11:50:53,192] ERROR in app: Exception on /exportar/pdf [GET]
2026-01-20 16:50:53.201: Traceback (most recent call last):
2026-01-20 16:50:53.201:   File "C:\Users\Produccion\AppData\Local\Python\pythoncore-3.14-64\Lib\site-packages\sqlalchemy\orm\attributes.py", line 475, in __getattr__
2026-01-20 16:50:53.201:     return getattr(self.comparator, key)
2026-01-20 16:50:53.201:   File "C:\Users\Produccion\AppData\Local\Python\pythoncore-3.14-64\Lib\site-packages\sqlalchemy\util\langhelpers.py", line 1416, in __getattr__
2026-01-20 16:50:53.201:     return self._fallback_getattr(key)
2026-01-20 16:50:53.201:            ~~~~~~~~~~~~~~~~~~~~~~^^^^^
2026-01-20 16:50:53.202:   File "C:\Users\Produccion\AppData\Local\Python\pythoncore-3.14-64\Lib\site-packages\sqlalchemy\util\langhelpers.py", line 1385, in _fallback_getattr
2026-01-20 16:50:53.202:     raise AttributeError(key)
2026-01-20 16:50:53.202: AttributeError: estante
2026-01-20 16:50:53.202: 
2026-01-20 16:50:53.202: The above exception was the direct cause of the following exception:
2026-01-20 16:50:53.202: 
2026-01-20 16:50:53.202: Traceback (most recent call last):
2026-01-20 16:50:53.202:   File "C:\Users\Produccion\AppData\Local\Python\pythoncore-3.14-64\Lib\site-packages\flask\app.py", line 1511, in wsgi_app
2026-01-20 16:50:53.202:     response = self.full_dispatch_request()
2026-01-20 16:50:53.202:   File "C:\Users\Produccion\AppData\Local\Python\pythoncore-3.14-64\Lib\site-packages\flask\app.py", line 919, in full_dispatch_request
2026-01-20 16:50:53.203:     rv = self.handle_user_exception(e)
2026-01-20 16:50:53.203:   File "C:\Users\Produccion\AppData\Local\Python\pythoncore-3.14-64\Lib\site-packages\flask\app.py", line 917, in full_dispatch_request
2026-01-20 16:50:53.203:     rv = self.dispatch_request()
2026-01-20 16:50:53.203:   File "C:\Users\Produccion\AppData\Local\Python\pythoncore-3.14-64\Lib\site-packages\flask\app.py", line 902, in dispatch_request
2026-01-20 16:50:53.203:     return self.ensure_sync(self.view_functions[rule.endpoint])(**view_args)  # type: ignore[no-any-return]
2026-01-20 16:50:53.203:            ~~~~~~~~~~~~~~~~~~~~~~~~~~~~~~~~~~~~~~~~~~~~~~~~~~~~^^^^^^^^^^^^^
2026-01-20 16:50:53.203:   File "C:\Users\Produccion\mapeo-inventario\app.py", line 359, in exportar_pdf
2026-01-20 16:50:53.204:     items = Item.query.order_by(Item.entrepano.estante.nombre).all()
2026-01-20 16:50:53.204:                                 ^^^^^^^^^^^^^^^^^^^^^^
2026-01-20 16:50:53.204:   File "C:\Users\Produccion\AppData\Local\Python\pythoncore-3.14-64\Lib\site-packages\sqlalchemy\orm\attributes.py", line 477, in __getattr__
2026-01-20 16:50:53.204:     raise AttributeError(
2026-01-20 16:50:53.204:     ...<8 lines>...
2026-01-20 16:50:53.204:     ) from err
2026-01-20 16:50:53.204: AttributeError: Neither 'InstrumentedAttribute' object nor 'Comparator' object associated with Item.entrepano has an attribute 'estante'
2026-01-20 16:50:53.204: 192.168.0.31 - - [20/Jan/2026 11:50:53] "GET /exportar/pdf HTTP/1.1" 500 -
2026-01-20 16:54:39.077: 192.168.0.31 - - [20/Jan/2026 11:54:39] "GET /estantes/1 HTTP/1.1" 200 -
2026-01-20 16:54:39.341: 192.168.0.31 - - [20/Jan/2026 11:54:39] "GET /static/css/styles.css HTTP/1.1" 304 -
2026-01-20 16:54:39.343: 192.168.0.31 - - [20/Jan/2026 11:54:39] "GET /static/img/logo.png HTTP/1.1" 304 -
2026-01-20 16:54:40.952: [2026-01-20 11:54:40,874] ERROR in app: Exception on /entrepanos/1 [GET]
2026-01-20 16:54:40.952: Traceback (most recent call last):
2026-01-20 16:54:40.952:   File "C:\Users\Produccion\AppData\Local\Python\pythoncore-3.14-64\Lib\site-packages\flask\app.py", line 1511, in wsgi_app
2026-01-20 16:54:40.952:     response = self.full_dispatch_request()
2026-01-20 16:54:40.952:   File "C:\Users\Produccion\AppData\Local\Python\pythoncore-3.14-64\Lib\site-packages\flask\app.py", line 919, in full_dispatch_request
2026-01-20 16:54:40.952:     rv = self.handle_user_exception(e)
2026-01-20 16:54:40.952:   File "C:\Users\Produccion\AppData\Local\Python\pythoncore-3.14-64\Lib\site-packages\flask\app.py", line 917, in full_dispatch_request
2026-01-20 16:54:40.952:     rv = self.dispatch_request()
2026-01-20 16:54:40.952:   File "C:\Users\Produccion\AppData\Local\Python\pythoncore-3.14-64\Lib\site-packages\flask\app.py", line 902, in dispatch_request
2026-01-20 16:54:40.952:     return self.ensure_sync(self.view_functions[rule.endpoint])(**view_args)  # type: ignore[no-any-return]
2026-01-20 16:54:40.952:            ~~~~~~~~~~~~~~~~~~~~~~~~~~~~~~~~~~~~~~~~~~~~~~~~~~~~^^^^^^^^^^^^^
2026-01-20 16:54:40.953:   File "C:\Users\Produccion\mapeo-inventario\app.py", line 139, in detalle_entrepano
2026-01-20 16:54:40.953:     return render_template(
2026-01-20 16:54:40.953:     "detalle-entrepano.html",
2026-01-20 16:54:40.953:     entrepano=entrepano,
2026-01-20 16:54:40.953:     items=items
2026-01-20 16:54:40.953:     )
2026-01-20 16:54:40.953:   File "C:\Users\Produccion\AppData\Local\Python\pythoncore-3.14-64\Lib\site-packages\flask\templating.py", line 150, in render_template
2026-01-20 16:54:40.953:     return _render(app, template, context)
2026-01-20 16:54:40.953:   File "C:\Users\Produccion\AppData\Local\Python\pythoncore-3.14-64\Lib\site-packages\flask\templating.py", line 131, in _render
2026-01-20 16:54:40.953:     rv = template.render(context)
2026-01-20 16:54:40.953:   File "C:\Users\Produccion\AppData\Local\Python\pythoncore-3.14-64\Lib\site-packages\jinja2\environment.py", line 1295, in render
2026-01-20 16:54:40.953:     self.environment.handle_exception()
2026-01-20 16:54:40.953:     ~~~~~~~~~~~~~~~~~~~~~~~~~~~~~~~~~^^
2026-01-20 16:54:40.953:   File "C:\Users\Produccion\AppData\Local\Python\pythoncore-3.14-64\Lib\site-packages\jinja2\environment.py", line 942, in handle_exception
2026-01-20 16:54:40.953:     raise rewrite_traceback_stack(source=source)
2026-01-20 16:54:40.953:   File "C:\Users\Produccion\mapeo-inventario\templates\detalle-entrepano.html", line 1, in top-level template code
2026-01-20 16:54:40.953:     {% extends "base.html" %}
2026-01-20 16:54:40.953:   File "C:\Users\Produccion\mapeo-inventario\templates\base.html", line 58, in top-level template code
2026-01-20 16:54:40.953:     {% block content %}{% endblock %}
2026-01-20 16:54:40.953:     ^^^^^^^^^^^^^^^^^^^^^
2026-01-20 16:54:40.953:   File "C:\Users\Produccion\mapeo-inventario\templates\detalle-entrepano.html", line 61, in block 'content'
2026-01-20 16:54:40.953:     {{ generar_ubicacion(item) }}
2026-01-20 16:54:40.953:     ^^^^^^^^^
2026-01-20 16:54:40.953:   File "C:\Users\Produccion\mapeo-inventario\app.py", line 27, in generar_ubicacion
2026-01-20 16:54:40.953:     f"{item.entrepano.estante.tipo}"
2026-01-20 16:54:40.953:        ^^^^^^^^^^^^^^^^^^^^^^^^^^^
2026-01-20 16:54:40.953: AttributeError: 'Estante' object has no attribute 'tipo'
2026-01-20 16:54:40.953: 192.168.0.31 - - [20/Jan/2026 11:54:40] "GET /entrepanos/1 HTTP/1.1" 500 -
2026-01-20 16:55:38.797: WARNING: This is a development server. Do not use it in a production deployment. Use a production WSGI server instead.
2026-01-20 16:55:38.797:  * Running on all addresses (0.0.0.0)
2026-01-20 16:55:38.797:  * Running on http://127.0.0.1:5001
2026-01-20 16:55:38.797:  * Running on http://192.168.1.101:5001
2026-01-20 16:55:38.797: Press CTRL+C to quit
2026-01-20 16:55:41.564: 192.168.0.31 - - [20/Jan/2026 11:55:41] "GET / HTTP/1.1" 200 -
2026-01-20 16:55:41.914: 192.168.0.31 - - [20/Jan/2026 11:55:41] "GET /static/css/styles.css HTTP/1.1" 304 -
2026-01-20 16:55:41.918: 192.168.0.31 - - [20/Jan/2026 11:55:41] "GET /static/img/logo.png HTTP/1.1" 304 -
2026-01-20 16:55:42.343: 192.168.0.31 - - [20/Jan/2026 11:55:42] "GET /static/img/favicon.ico HTTP/1.1" 304 -
2026-01-20 16:55:42.955: [2026-01-20 11:55:42,949] ERROR in app: Exception on /exportar/pdf [GET]
2026-01-20 16:55:42.955: Traceback (most recent call last):
2026-01-20 16:55:42.955:   File "C:\Users\Produccion\AppData\Local\Python\pythoncore-3.14-64\Lib\site-packages\flask\app.py", line 1511, in wsgi_app
2026-01-20 16:55:42.955:     response = self.full_dispatch_request()
2026-01-20 16:55:42.955:   File "C:\Users\Produccion\AppData\Local\Python\pythoncore-3.14-64\Lib\site-packages\flask\app.py", line 919, in full_dispatch_request
2026-01-20 16:55:42.955:     rv = self.handle_user_exception(e)
2026-01-20 16:55:42.955:   File "C:\Users\Produccion\AppData\Local\Python\pythoncore-3.14-64\Lib\site-packages\flask\app.py", line 917, in full_dispatch_request
2026-01-20 16:55:42.955:     rv = self.dispatch_request()
2026-01-20 16:55:42.955:   File "C:\Users\Produccion\AppData\Local\Python\pythoncore-3.14-64\Lib\site-packages\flask\app.py", line 902, in dispatch_request
2026-01-20 16:55:42.955:     return self.ensure_sync(self.view_functions[rule.endpoint])(**view_args)  # type: ignore[no-any-return]
2026-01-20 16:55:42.955:            ~~~~~~~~~~~~~~~~~~~~~~~~~~~~~~~~~~~~~~~~~~~~~~~~~~~~^^^^^^^^^^^^^
2026-01-20 16:55:42.955:   File "C:\Users\Produccion\mapeo-inventario\app.py", line 375, in exportar_pdf
2026-01-20 16:55:42.955:     Estante.tipo,
2026-01-20 16:55:42.955:     ^^^^^^^^^^^^
2026-01-20 16:55:42.955: AttributeError: type object 'Estante' has no attribute 'tipo'
2026-01-20 16:55:42.955: 192.168.0.31 - - [20/Jan/2026 11:55:42] "GET /exportar/pdf HTTP/1.1" 500 -
2026-01-20 16:55:47.302: [2026-01-20 11:55:47,298] ERROR in app: Exception on /exportar/excel [GET]
2026-01-20 16:55:47.302: Traceback (most recent call last):
2026-01-20 16:55:47.302:   File "C:\Users\Produccion\AppData\Local\Python\pythoncore-3.14-64\Lib\site-packages\flask\app.py", line 1511, in wsgi_app
2026-01-20 16:55:47.303:     response = self.full_dispatch_request()
2026-01-20 16:55:47.303:   File "C:\Users\Produccion\AppData\Local\Python\pythoncore-3.14-64\Lib\site-packages\flask\app.py", line 919, in full_dispatch_request
2026-01-20 16:55:47.303:     rv = self.handle_user_exception(e)
2026-01-20 16:55:47.303:   File "C:\Users\Produccion\AppData\Local\Python\pythoncore-3.14-64\Lib\site-packages\flask\app.py", line 917, in full_dispatch_request
2026-01-20 16:55:47.303:     rv = self.dispatch_request()
2026-01-20 16:55:47.303:   File "C:\Users\Produccion\AppData\Local\Python\pythoncore-3.14-64\Lib\site-packages\flask\app.py", line 902, in dispatch_request
2026-01-20 16:55:47.303:     return self.ensure_sync(self.view_functions[rule.endpoint])(**view_args)  # type: ignore[no-any-return]
2026-01-20 16:55:47.303:            ~~~~~~~~~~~~~~~~~~~~~~~~~~~~~~~~~~~~~~~~~~~~~~~~~~~~^^^^^^^^^^^^^
2026-01-20 16:55:47.304:   File "C:\Users\Produccion\mapeo-inventario\app.py", line 324, in exportar_excel
2026-01-20 16:55:47.304:     Estante.tipo,
2026-01-20 16:55:47.304:     ^^^^^^^^^^^^
2026-01-20 16:55:47.304: AttributeError: type object 'Estante' has no attribute 'tipo'
2026-01-20 16:55:47.304: 192.168.0.31 - - [20/Jan/2026 11:55:47] "GET /exportar/excel HTTP/1.1" 500 -
2026-01-20 16:58:18.271: WARNING: This is a development server. Do not use it in a production deployment. Use a production WSGI server instead.
2026-01-20 16:58:18.271:  * Running on all addresses (0.0.0.0)
2026-01-20 16:58:18.271:  * Running on http://127.0.0.1:5001
2026-01-20 16:58:18.271:  * Running on http://192.168.1.101:5001
2026-01-20 16:58:18.271: Press CTRL+C to quit
2026-01-20 16:58:46.328: WARNING: This is a development server. Do not use it in a production deployment. Use a production WSGI server instead.
2026-01-20 16:58:46.328:  * Running on all addresses (0.0.0.0)
2026-01-20 16:58:46.328:  * Running on http://127.0.0.1:5001
2026-01-20 16:58:46.328:  * Running on http://192.168.1.101:5001
2026-01-20 16:58:46.328: Press CTRL+C to quit
2026-01-20 16:58:48.224: 192.168.0.31 - - [20/Jan/2026 11:58:48] "GET / HTTP/1.1" 200 -
2026-01-20 16:58:48.383: 192.168.0.31 - - [20/Jan/2026 11:58:48] "GET /static/img/logo.png HTTP/1.1" 304 -
2026-01-20 16:58:48.385: 192.168.0.31 - - [20/Jan/2026 11:58:48] "GET /static/css/styles.css HTTP/1.1" 304 -
2026-01-20 16:58:48.415: 192.168.0.31 - - [20/Jan/2026 11:58:48] "GET /static/img/favicon.ico HTTP/1.1" 304 -
2026-01-20 16:58:49.642: 192.168.0.31 - - [20/Jan/2026 11:58:49] "GET / HTTP/1.1" 200 -
2026-01-20 16:58:49.674: 192.168.0.31 - - [20/Jan/2026 11:58:49] "GET /static/css/styles.css HTTP/1.1" 304 -
2026-01-20 16:58:49.675: 192.168.0.31 - - [20/Jan/2026 11:58:49] "GET /static/img/logo.png HTTP/1.1" 304 -
2026-01-20 16:58:49.718: 192.168.0.31 - - [20/Jan/2026 11:58:49] "GET /static/img/favicon.ico HTTP/1.1" 304 -
2026-01-20 16:58:51.112: 192.168.0.31 - - [20/Jan/2026 11:58:51] "GET / HTTP/1.1" 200 -
2026-01-20 16:58:51.153: 192.168.0.31 - - [20/Jan/2026 11:58:51] "GET /static/css/styles.css HTTP/1.1" 200 -
2026-01-20 16:58:51.155: 192.168.0.31 - - [20/Jan/2026 11:58:51] "GET /static/img/logo.png HTTP/1.1" 200 -
2026-01-20 16:58:51.656: 192.168.0.31 - - [20/Jan/2026 11:58:51] "GET /static/img/favicon.ico HTTP/1.1" 200 -
2026-01-20 16:58:52.647: [2026-01-20 11:58:52,640] ERROR in app: Exception on /exportar/pdf [GET]
2026-01-20 16:58:52.647: Traceback (most recent call last):
2026-01-20 16:58:52.647:   File "C:\Users\Produccion\AppData\Local\Python\pythoncore-3.14-64\Lib\site-packages\flask\app.py", line 1511, in wsgi_app
2026-01-20 16:58:52.647:     response = self.full_dispatch_request()
2026-01-20 16:58:52.647:   File "C:\Users\Produccion\AppData\Local\Python\pythoncore-3.14-64\Lib\site-packages\flask\app.py", line 919, in full_dispatch_request
2026-01-20 16:58:52.647:     rv = self.handle_user_exception(e)
2026-01-20 16:58:52.647:   File "C:\Users\Produccion\AppData\Local\Python\pythoncore-3.14-64\Lib\site-packages\flask\app.py", line 917, in full_dispatch_request
2026-01-20 16:58:52.647:     rv = self.dispatch_request()
2026-01-20 16:58:52.647:   File "C:\Users\Produccion\AppData\Local\Python\pythoncore-3.14-64\Lib\site-packages\flask\app.py", line 902, in dispatch_request
2026-01-20 16:58:52.647:     return self.ensure_sync(self.view_functions[rule.endpoint])(**view_args)  # type: ignore[no-any-return]
2026-01-20 16:58:52.647:            ~~~~~~~~~~~~~~~~~~~~~~~~~~~~~~~~~~~~~~~~~~~~~~~~~~~~^^^^^^^^^^^^^
2026-01-20 16:58:52.647:   File "C:\Users\Produccion\mapeo-inventario\app.py", line 365, in exportar_pdf
2026-01-20 16:58:52.648:     ubicacion = generar_ubicacion(item)
2026-01-20 16:58:52.648:   File "C:\Users\Produccion\mapeo-inventario\app.py", line 27, in generar_ubicacion
2026-01-20 16:58:52.648:     f"{item.entrepano.estante.tipo}"
2026-01-20 16:58:52.648:        ^^^^^^^^^^^^^^^^^^^^^^^^^^^
2026-01-20 16:58:52.648: AttributeError: 'Estante' object has no attribute 'tipo'
2026-01-20 16:58:52.648: 192.168.0.31 - - [20/Jan/2026 11:58:52] "GET /exportar/pdf HTTP/1.1" 500 -
2026-01-20 16:58:52.971: 192.168.0.31 - - [20/Jan/2026 11:58:52] "GET /favicon.ico HTTP/1.1" 404 -
2026-01-20 17:00:31.925: WARNING: This is a development server. Do not use it in a production deployment. Use a production WSGI server instead.
2026-01-20 17:00:31.925:  * Running on all addresses (0.0.0.0)
2026-01-20 17:00:31.925:  * Running on http://127.0.0.1:5001
2026-01-20 17:00:31.925:  * Running on http://192.168.1.101:5001
2026-01-20 17:00:31.925: Press CTRL+C to quit
2026-01-20 17:00:41.833: 192.168.0.31 - - [20/Jan/2026 12:00:41] "GET / HTTP/1.1" 200 -
2026-01-20 17:00:42.092: 192.168.0.31 - - [20/Jan/2026 12:00:42] "GET /static/css/styles.css HTTP/1.1" 200 -
2026-01-20 17:00:42.099: 192.168.0.31 - - [20/Jan/2026 12:00:42] "GET /static/img/logo.png HTTP/1.1" 200 -
2026-01-20 17:00:42.444: 192.168.0.31 - - [20/Jan/2026 12:00:42] "GET /static/img/favicon.ico HTTP/1.1" 200 -
2026-01-20 17:00:44.355: 192.168.0.31 - - [20/Jan/2026 12:00:44] "GET /exportar/pdf HTTP/1.1" 200 -
2026-01-20 17:05:25.916: WARNING: This is a development server. Do not use it in a production deployment. Use a production WSGI server instead.
2026-01-20 17:05:25.916:  * Running on all addresses (0.0.0.0)
2026-01-20 17:05:25.916:  * Running on http://127.0.0.1:5001
2026-01-20 17:05:25.916:  * Running on http://192.168.1.101:5001
2026-01-20 17:05:25.916: Press CTRL+C to quit
2026-01-20 17:06:08.711: 192.168.0.31 - - [20/Jan/2026 12:06:08] "GET / HTTP/1.1" 200 -
2026-01-20 17:06:08.951: 192.168.0.31 - - [20/Jan/2026 12:06:08] "GET /static/css/styles.css HTTP/1.1" 304 -
2026-01-20 17:06:08.955: 192.168.0.31 - - [20/Jan/2026 12:06:08] "GET /static/img/logo.png HTTP/1.1" 304 -
2026-01-20 17:06:08.980: 192.168.0.31 - - [20/Jan/2026 12:06:08] "GET /static/img/favicon.ico HTTP/1.1" 304 -
2026-01-20 17:06:09.943: 192.168.0.31 - - [20/Jan/2026 12:06:09] "GET /exportar/pdf HTTP/1.1" 200 -
2026-01-20 17:06:29.612: 192.168.0.31 - - [20/Jan/2026 12:06:29] "GET /exportar/excel HTTP/1.1" 200 -
2026-01-20 17:06:58.074: 192.168.0.31 - - [20/Jan/2026 12:06:58] "GET /estantes/2 HTTP/1.1" 200 -
2026-01-20 17:06:58.247: 192.168.0.31 - - [20/Jan/2026 12:06:58] "GET /static/css/styles.css HTTP/1.1" 304 -
2026-01-20 17:06:58.250: 192.168.0.31 - - [20/Jan/2026 12:06:58] "GET /static/img/logo.png HTTP/1.1" 304 -
2026-01-20 17:07:00.823: 192.168.0.31 - - [20/Jan/2026 12:07:00] "GET /entrepanos/12 HTTP/1.1" 200 -
2026-01-20 17:07:01.081: 192.168.0.31 - - [20/Jan/2026 12:07:01] "GET /static/css/styles.css HTTP/1.1" 304 -
2026-01-20 17:07:01.088: 192.168.0.31 - - [20/Jan/2026 12:07:01] "GET /static/img/logo.png HTTP/1.1" 304 -
2026-01-20 17:10:25.500: 192.168.0.31 - - [20/Jan/2026 12:10:25] "GET /entrepanos/11 HTTP/1.1" 200 -
2026-01-20 17:10:25.540: 192.168.0.31 - - [20/Jan/2026 12:10:25] "GET /static/css/styles.css HTTP/1.1" 304 -
2026-01-20 17:10:25.594: 192.168.0.31 - - [20/Jan/2026 12:10:25] "GET /static/img/logo.png HTTP/1.1" 304 -
2026-01-20 17:31:13.987: 192.168.0.31 - - [20/Jan/2026 12:31:13] "GET /estantes/2 HTTP/1.1" 200 -
2026-01-20 17:31:14.017: 192.168.0.31 - - [20/Jan/2026 12:31:14] "GET /static/css/styles.css HTTP/1.1" 304 -
2026-01-20 17:31:14.018: 192.168.0.31 - - [20/Jan/2026 12:31:14] "GET /static/img/logo.png HTTP/1.1" 304 -
2026-01-20 17:31:25.178: 192.168.0.31 - - [20/Jan/2026 12:31:25] "GET /static/img/favicon.ico HTTP/1.1" 304 -
2026-01-20 17:32:44.567: 192.168.0.31 - - [20/Jan/2026 12:32:44] "GET / HTTP/1.1" 200 -
2026-01-20 17:32:44.866: 192.168.0.31 - - [20/Jan/2026 12:32:44] "GET /static/css/styles.css HTTP/1.1" 304 -
2026-01-20 17:32:44.869: 192.168.0.31 - - [20/Jan/2026 12:32:44] "GET /static/img/logo.png HTTP/1.1" 304 -
2026-01-20 17:32:45.602: 192.168.0.31 - - [20/Jan/2026 12:32:45] "GET / HTTP/1.1" 200 -
2026-01-20 17:32:45.695: 192.168.0.31 - - [20/Jan/2026 12:32:45] "GET /static/css/styles.css HTTP/1.1" 304 -
2026-01-20 17:32:45.697: 192.168.0.31 - - [20/Jan/2026 12:32:45] "GET /static/img/logo.png HTTP/1.1" 304 -
2026-01-20 17:34:34.116: WARNING: This is a development server. Do not use it in a production deployment. Use a production WSGI server instead.
2026-01-20 17:34:34.116:  * Running on all addresses (0.0.0.0)
2026-01-20 17:34:34.116:  * Running on http://127.0.0.1:5001
2026-01-20 17:34:34.116:  * Running on http://192.168.1.101:5001
2026-01-20 17:34:34.116: Press CTRL+C to quit
2026-01-20 17:34:34.430: 192.168.0.31 - - [20/Jan/2026 12:34:34] "GET / HTTP/1.1" 200 -
2026-01-20 17:34:34.708: 192.168.0.31 - - [20/Jan/2026 12:34:34] "GET /static/css/styles.css HTTP/1.1" 304 -
2026-01-20 17:34:34.778: 192.168.0.31 - - [20/Jan/2026 12:34:34] "GET /static/img/logo.png HTTP/1.1" 304 -
2026-01-20 17:34:34.867: 192.168.0.31 - - [20/Jan/2026 12:34:34] "GET /static/img/favicon.ico HTTP/1.1" 304 -
2026-01-20 17:34:37.582: 192.168.0.31 - - [20/Jan/2026 12:34:37] "GET / HTTP/1.1" 200 -
2026-01-20 17:34:37.870: 192.168.0.31 - - [20/Jan/2026 12:34:37] "GET /static/css/styles.css HTTP/1.1" 304 -
2026-01-20 17:34:37.896: 192.168.0.31 - - [20/Jan/2026 12:34:37] "GET /static/img/logo.png HTTP/1.1" 304 -
2026-01-20 17:34:38.212: 192.168.0.31 - - [20/Jan/2026 12:34:38] "GET /static/img/favicon.ico HTTP/1.1" 304 -
2026-01-20 18:00:41.621: 192.168.0.31 - - [20/Jan/2026 13:00:41] "GET / HTTP/1.1" 200 -
2026-01-20 18:00:41.890: 192.168.0.31 - - [20/Jan/2026 13:00:41] "GET /static/img/logo.png HTTP/1.1" 304 -
2026-01-20 18:00:41.939: 192.168.0.31 - - [20/Jan/2026 13:00:41] "GET /static/css/styles.css HTTP/1.1" 304 -
2026-01-20 18:00:42.151: 192.168.0.31 - - [20/Jan/2026 13:00:42] "GET /static/img/favicon.ico HTTP/1.1" 304 -
2026-01-20 18:00:43.650: 192.168.0.31 - - [20/Jan/2026 13:00:43] "GET / HTTP/1.1" 200 -
2026-01-20 18:00:44.254: 192.168.0.31 - - [20/Jan/2026 13:00:44] "GET /static/css/styles.css HTTP/1.1" 304 -
2026-01-20 18:00:44.260: 192.168.0.31 - - [20/Jan/2026 13:00:44] "GET /static/img/logo.png HTTP/1.1" 304 -
2026-01-20 18:00:45.311: 192.168.0.31 - - [20/Jan/2026 13:00:45] "GET / HTTP/1.1" 200 -
2026-01-20 18:00:45.701: 192.168.0.31 - - [20/Jan/2026 13:00:45] "GET /static/css/styles.css HTTP/1.1" 304 -
2026-01-20 18:00:45.706: 192.168.0.31 - - [20/Jan/2026 13:00:45] "GET /static/img/logo.png HTTP/1.1" 304 -
2026-01-20 18:10:37.518: 192.168.0.143 - - [20/Jan/2026 13:10:37] "GET / HTTP/1.1" 200 -
2026-01-20 18:10:37.777: 192.168.0.143 - - [20/Jan/2026 13:10:37] "GET /static/css/styles.css HTTP/1.1" 304 -
2026-01-20 18:10:37.781: 192.168.0.143 - - [20/Jan/2026 13:10:37] "GET /static/img/logo.png HTTP/1.1" 304 -
2026-01-20 18:33:10.113: 192.168.0.178 - - [20/Jan/2026 13:33:10] "GET / HTTP/1.1" 200 -
2026-01-20 18:33:10.702: 192.168.0.178 - - [20/Jan/2026 13:33:10] "GET /static/css/styles.css HTTP/1.1" 304 -
2026-01-20 18:33:15.445: 192.168.0.178 - - [20/Jan/2026 13:33:15] "GET /static/img/favicon.ico HTTP/1.1" 200 -
2026-01-20 18:37:32.682: 192.168.0.178 - - [20/Jan/2026 13:37:32] "GET / HTTP/1.1" 200 -
2026-01-20 18:37:33.018: 192.168.0.178 - - [20/Jan/2026 13:37:33] "GET / HTTP/1.1" 200 -
2026-01-20 18:37:33.266: 192.168.0.178 - - [20/Jan/2026 13:37:33] "GET /static/css/styles.css HTTP/1.1" 304 -
2026-01-20 18:37:33.646: 192.168.0.178 - - [20/Jan/2026 13:37:33] "GET /static/img/logo.png HTTP/1.1" 304 -
2026-01-20 18:37:33.903: 192.168.0.178 - - [20/Jan/2026 13:37:33] "GET /static/img/favicon.ico HTTP/1.1" 200 -
2026-01-20 18:47:52.799: 192.168.0.31 - - [20/Jan/2026 13:47:52] "GET / HTTP/1.1" 200 -
2026-01-20 18:47:52.815: 192.168.0.31 - - [20/Jan/2026 13:47:52] "GET /static/img/logo.png HTTP/1.1" 304 -
2026-01-20 18:47:52.831: 192.168.0.31 - - [20/Jan/2026 13:47:52] "GET /static/css/styles.css HTTP/1.1" 304 -
2026-01-20 18:47:59.369: 192.168.0.31 - - [20/Jan/2026 13:47:59] "GET /estantes/2 HTTP/1.1" 200 -
2026-01-20 18:47:59.403: 192.168.0.31 - - [20/Jan/2026 13:47:59] "GET /static/css/styles.css HTTP/1.1" 304 -
2026-01-20 18:47:59.413: 192.168.0.31 - - [20/Jan/2026 13:47:59] "GET /static/img/logo.png HTTP/1.1" 304 -
2026-01-20 18:50:43.507: 192.168.1.105 - - [20/Jan/2026 13:50:43] code 400, message Bad request version ('\x00{\x000\x000\x000\x000\x00A\x00A\x000\x000\x00-\x000\x00A\x000\x000\x00-\x000\x000\x00a\x000\x00-\x00A\x00A\x000\x00A\x00-\x000\x000\x000\x000\x00A\x000\x00A\x00A\x000\x00A\x00A\x000\x00}\x00\x00\x00àmß_')
2026-01-20 18:50:43.507: 192.168.1.105 - - [20/Jan/2026 13:50:43] "\x01\x00\x00ýÎú\x0b° \x00\x00\x00MMS\x14\x00\x00\x00\x00\x00\x00\x00\x00\x00\x00\x00\x00\x00\x00\x00\x12\x00\x00\x00\x01\x00\x03\x00ðððð\x0b\x00\x04\x00\x1c\x00\x03\x00N\x00S\x00P\x00l\x00a\x00y\x00e\x00r\x00/\x009\x00.\x000\x00.\x000\x00.\x002\x009\x008\x000\x00;\x00 \x00{\x000\x000\x000\x000\x00A\x00A\x000\x000\x00-\x000\x00A\x000\x000\x00-\x000\x000\x00a\x000\x00-\x00A\x00A\x000\x00A\x00-\x000\x000\x000\x000\x00A\x000\x00A\x00A\x000\x00A\x00A\x000\x00}\x00\x00\x00àmß_" 400 -
2026-01-20 18:50:44.930: 192.168.1.105 - - [20/Jan/2026 13:50:44] code 400, message Bad request version ('GetClassName\x00\x00\x00\x02\x04\x00\x00\x00\x00\x01\x00')
2026-01-20 18:50:44.930: 192.168.1.105 - - [20/Jan/2026 13:50:44] "\x00\x00\x00\x1f\x00\x00\x00\x00\x00\x00\x00\x0cGetClassName\x00\x00\x00\x02\x04\x00\x00\x00\x00\x01\x00" 400 -
2026-01-20 18:50:44.954: 192.168.1.105 - - [20/Jan/2026 13:50:44] "GET / HTTP/1.0" 200 -
2026-01-20 18:50:44.963: 192.168.1.105 - - [20/Jan/2026 13:50:44] code 400, message Bad request syntax ('\x16\x03\x00\x00S\x01\x00\x00O\x03\x00?G×÷º,îê²`~ó\x00ý\x82{¹Õ\x96Èw\x9bæÄÛ<=Ûoï\x10n\x00\x00(\x00\x16\x00\x13\x00')
2026-01-20 18:50:44.963: 192.168.1.105 - - [20/Jan/2026 13:50:44] "\x16\x03\x00\x00S\x01\x00\x00O\x03\x00?G×÷º,îê²`~ó\x00ý\x82{¹Õ\x96Èw\x9bæÄÛ<=Ûoï\x10n\x00\x00(\x00\x16\x00\x13\x00" 400 -
2026-01-20 18:50:44.973: 192.168.1.105 - - [20/Jan/2026 13:50:44] code 400, message Bad request version ('\x00/\x00')
2026-01-20 18:50:44.973: 192.168.1.105 - - [20/Jan/2026 13:50:44] "\x16\x03\x00\x00i\x01\x00\x00e\x03\x03U\x1c§ärandom1random2random3random4\x00\x00\x0c\x00/\x00" 400 -
2026-01-20 18:52:05.665: 192.168.0.143 - - [20/Jan/2026 13:52:05] "POST / HTTP/1.1" 302 -
2026-01-20 18:52:05.698: 192.168.0.143 - - [20/Jan/2026 13:52:05] "GET / HTTP/1.1" 200 -
2026-01-20 18:52:05.746: 192.168.0.143 - - [20/Jan/2026 13:52:05] "GET /static/img/logo.png HTTP/1.1" 304 -
2026-01-20 18:52:05.746: 192.168.0.143 - - [20/Jan/2026 13:52:05] "GET /static/css/styles.css HTTP/1.1" 304 -
2026-01-20 18:52:10.163: 192.168.0.143 - - [20/Jan/2026 13:52:10] "GET /estantes/3 HTTP/1.1" 200 -
2026-01-20 18:52:10.194: 192.168.0.143 - - [20/Jan/2026 13:52:10] "GET /static/css/styles.css HTTP/1.1" 304 -
2026-01-20 18:52:10.214: 192.168.0.143 - - [20/Jan/2026 13:52:10] "GET /static/img/logo.png HTTP/1.1" 304 -
2026-01-20 18:52:13.051: 192.168.0.143 - - [20/Jan/2026 13:52:13] "GET /entrepanos/21 HTTP/1.1" 200 -
2026-01-20 18:52:13.067: 192.168.0.143 - - [20/Jan/2026 13:52:13] "GET /static/css/styles.css HTTP/1.1" 304 -
2026-01-20 18:52:13.081: 192.168.0.143 - - [20/Jan/2026 13:52:13] "GET /static/img/logo.png HTTP/1.1" 304 -
2026-01-20 18:52:36.166: 192.168.0.143 - - [20/Jan/2026 13:52:36] "POST /items/crear/21 HTTP/1.1" 302 -
2026-01-20 18:52:36.196: 192.168.0.143 - - [20/Jan/2026 13:52:36] "GET /entrepanos/21 HTTP/1.1" 200 -
2026-01-20 18:52:36.244: 192.168.0.143 - - [20/Jan/2026 13:52:36] "GET /static/css/styles.css HTTP/1.1" 304 -
2026-01-20 18:52:36.259: 192.168.0.143 - - [20/Jan/2026 13:52:36] "GET /static/img/logo.png HTTP/1.1" 304 -
2026-01-20 18:52:54.735: 192.168.0.143 - - [20/Jan/2026 13:52:54] "POST /items/crear/21 HTTP/1.1" 302 -
2026-01-20 18:52:54.768: 192.168.0.143 - - [20/Jan/2026 13:52:54] "GET /entrepanos/21 HTTP/1.1" 200 -
2026-01-20 18:52:54.817: 192.168.0.143 - - [20/Jan/2026 13:52:54] "GET /static/img/logo.png HTTP/1.1" 304 -
2026-01-20 18:52:54.817: 192.168.0.143 - - [20/Jan/2026 13:52:54] "GET /static/css/styles.css HTTP/1.1" 304 -
2026-01-20 18:53:07.529: 192.168.0.143 - - [20/Jan/2026 13:53:07] "GET /estantes/3 HTTP/1.1" 200 -
2026-01-20 18:53:07.564: 192.168.0.143 - - [20/Jan/2026 13:53:07] "GET /static/css/styles.css HTTP/1.1" 304 -
2026-01-20 18:53:07.573: 192.168.0.143 - - [20/Jan/2026 13:53:07] "GET /static/img/logo.png HTTP/1.1" 304 -
2026-01-20 18:53:10.838: 192.168.0.143 - - [20/Jan/2026 13:53:10] "GET /entrepanos/22 HTTP/1.1" 200 -
2026-01-20 18:53:10.887: 192.168.0.143 - - [20/Jan/2026 13:53:10] "GET /static/css/styles.css HTTP/1.1" 304 -
2026-01-20 18:53:10.887: 192.168.0.143 - - [20/Jan/2026 13:53:10] "GET /static/img/logo.png HTTP/1.1" 304 -
2026-01-20 18:53:26.616: 192.168.0.143 - - [20/Jan/2026 13:53:26] "POST /items/crear/22 HTTP/1.1" 302 -
2026-01-20 18:53:26.649: 192.168.0.143 - - [20/Jan/2026 13:53:26] "GET /entrepanos/22 HTTP/1.1" 200 -
2026-01-20 18:53:26.697: 192.168.0.143 - - [20/Jan/2026 13:53:26] "GET /static/css/styles.css HTTP/1.1" 304 -
2026-01-20 18:53:26.698: 192.168.0.143 - - [20/Jan/2026 13:53:26] "GET /static/img/logo.png HTTP/1.1" 304 -
2026-01-20 18:53:44.587: 192.168.0.143 - - [20/Jan/2026 13:53:44] "POST /items/crear/22 HTTP/1.1" 302 -
2026-01-20 18:53:44.627: 192.168.0.143 - - [20/Jan/2026 13:53:44] "GET /entrepanos/22 HTTP/1.1" 200 -
2026-01-20 18:53:44.657: 192.168.0.143 - - [20/Jan/2026 13:53:44] "GET /static/css/styles.css HTTP/1.1" 304 -
2026-01-20 18:53:44.657: 192.168.0.143 - - [20/Jan/2026 13:53:44] "GET /static/img/logo.png HTTP/1.1" 304 -
2026-01-20 18:53:55.733: 192.168.0.143 - - [20/Jan/2026 13:53:55] "POST /items/crear/22 HTTP/1.1" 302 -
2026-01-20 18:53:55.764: 192.168.0.143 - - [20/Jan/2026 13:53:55] "GET /entrepanos/22 HTTP/1.1" 200 -
2026-01-20 18:53:55.831: 192.168.0.143 - - [20/Jan/2026 13:53:55] "GET /static/css/styles.css HTTP/1.1" 304 -
2026-01-20 18:53:55.831: 192.168.0.143 - - [20/Jan/2026 13:53:55] "GET /static/img/logo.png HTTP/1.1" 304 -
2026-01-20 18:54:10.957: 192.168.0.143 - - [20/Jan/2026 13:54:10] "POST /items/crear/22 HTTP/1.1" 302 -
2026-01-20 18:54:11.004: 192.168.0.143 - - [20/Jan/2026 13:54:11] "GET /entrepanos/22 HTTP/1.1" 200 -
2026-01-20 18:54:11.053: 192.168.0.143 - - [20/Jan/2026 13:54:11] "GET /static/img/logo.png HTTP/1.1" 304 -
2026-01-20 18:54:11.053: 192.168.0.143 - - [20/Jan/2026 13:54:11] "GET /static/css/styles.css HTTP/1.1" 304 -
2026-01-20 18:54:21.957: 192.168.0.143 - - [20/Jan/2026 13:54:21] "POST /items/crear/22 HTTP/1.1" 302 -
2026-01-20 18:54:21.990: 192.168.0.143 - - [20/Jan/2026 13:54:21] "GET /entrepanos/22 HTTP/1.1" 200 -
2026-01-20 18:54:22.024: 192.168.0.143 - - [20/Jan/2026 13:54:22] "GET /static/css/styles.css HTTP/1.1" 304 -
2026-01-20 18:54:22.039: 192.168.0.143 - - [20/Jan/2026 13:54:22] "GET /static/img/logo.png HTTP/1.1" 304 -
2026-01-20 18:54:36.167: 192.168.0.143 - - [20/Jan/2026 13:54:36] "GET /estantes/3 HTTP/1.1" 200 -
2026-01-20 18:54:36.200: 192.168.0.143 - - [20/Jan/2026 13:54:36] "GET /static/css/styles.css HTTP/1.1" 304 -
2026-01-20 18:54:36.220: 192.168.0.143 - - [20/Jan/2026 13:54:36] "GET /static/img/logo.png HTTP/1.1" 304 -
2026-01-20 18:54:37.730: 192.168.0.143 - - [20/Jan/2026 13:54:37] "GET /entrepanos/23 HTTP/1.1" 200 -
2026-01-20 18:54:37.767: 192.168.0.143 - - [20/Jan/2026 13:54:37] "GET /static/css/styles.css HTTP/1.1" 304 -
2026-01-20 18:54:37.767: 192.168.0.143 - - [20/Jan/2026 13:54:37] "GET /static/img/logo.png HTTP/1.1" 304 -
2026-01-20 18:54:49.590: 192.168.0.143 - - [20/Jan/2026 13:54:49] "POST /items/crear/23 HTTP/1.1" 302 -
2026-01-20 18:54:49.643: 192.168.0.143 - - [20/Jan/2026 13:54:49] "GET /entrepanos/23 HTTP/1.1" 200 -
2026-01-20 18:54:49.681: 192.168.0.143 - - [20/Jan/2026 13:54:49] "GET /static/css/styles.css HTTP/1.1" 304 -
2026-01-20 18:54:49.681: 192.168.0.143 - - [20/Jan/2026 13:54:49] "GET /static/img/logo.png HTTP/1.1" 304 -
2026-01-20 18:55:02.673: 192.168.0.143 - - [20/Jan/2026 13:55:02] "POST /items/crear/23 HTTP/1.1" 302 -
2026-01-20 18:55:02.706: 192.168.0.143 - - [20/Jan/2026 13:55:02] "GET /entrepanos/23 HTTP/1.1" 200 -
2026-01-20 18:55:02.756: 192.168.0.143 - - [20/Jan/2026 13:55:02] "GET /static/css/styles.css HTTP/1.1" 304 -
2026-01-20 18:55:02.773: 192.168.0.143 - - [20/Jan/2026 13:55:02] "GET /static/img/logo.png HTTP/1.1" 304 -
2026-01-20 18:55:10.878: 192.168.0.143 - - [20/Jan/2026 13:55:10] "POST /items/crear/23 HTTP/1.1" 302 -
2026-01-20 18:55:10.911: 192.168.0.143 - - [20/Jan/2026 13:55:10] "GET /entrepanos/23 HTTP/1.1" 200 -
2026-01-20 18:55:10.978: 192.168.0.143 - - [20/Jan/2026 13:55:10] "GET /static/img/logo.png HTTP/1.1" 304 -
2026-01-20 18:55:10.978: 192.168.0.143 - - [20/Jan/2026 13:55:10] "GET /static/css/styles.css HTTP/1.1" 304 -
2026-01-20 18:55:45.631: 192.168.0.143 - - [20/Jan/2026 13:55:45] "POST /items/crear/23 HTTP/1.1" 302 -
2026-01-20 18:55:45.667: 192.168.0.143 - - [20/Jan/2026 13:55:45] "GET /entrepanos/23 HTTP/1.1" 200 -
2026-01-20 18:55:45.713: 192.168.0.143 - - [20/Jan/2026 13:55:45] "GET /static/css/styles.css HTTP/1.1" 304 -
2026-01-20 18:55:45.713: 192.168.0.143 - - [20/Jan/2026 13:55:45] "GET /static/img/logo.png HTTP/1.1" 304 -
2026-01-20 18:56:15.222: 192.168.0.143 - - [20/Jan/2026 13:56:15] "POST /items/crear/23 HTTP/1.1" 302 -
2026-01-20 18:56:15.255: 192.168.0.143 - - [20/Jan/2026 13:56:15] "GET /entrepanos/23 HTTP/1.1" 200 -
2026-01-20 18:56:15.289: 192.168.0.143 - - [20/Jan/2026 13:56:15] "GET /static/img/logo.png HTTP/1.1" 304 -
2026-01-20 18:56:15.298: 192.168.0.143 - - [20/Jan/2026 13:56:15] "GET /static/css/styles.css HTTP/1.1" 304 -
2026-01-20 18:56:30.057: 192.168.0.143 - - [20/Jan/2026 13:56:30] "GET /estantes/3 HTTP/1.1" 200 -
2026-01-20 18:56:30.091: 192.168.0.143 - - [20/Jan/2026 13:56:30] "GET /static/css/styles.css HTTP/1.1" 304 -
2026-01-20 18:56:30.091: 192.168.0.143 - - [20/Jan/2026 13:56:30] "GET /static/img/logo.png HTTP/1.1" 304 -
2026-01-20 18:56:32.070: 192.168.0.143 - - [20/Jan/2026 13:56:32] "GET /entrepanos/23 HTTP/1.1" 200 -
2026-01-20 18:56:32.104: 192.168.0.143 - - [20/Jan/2026 13:56:32] "GET /static/css/styles.css HTTP/1.1" 304 -
2026-01-20 18:56:32.117: 192.168.0.143 - - [20/Jan/2026 13:56:32] "GET /static/img/logo.png HTTP/1.1" 304 -
2026-01-20 18:56:44.328: 192.168.0.143 - - [20/Jan/2026 13:56:44] "GET /estantes/3 HTTP/1.1" 200 -
2026-01-20 18:56:44.361: 192.168.0.143 - - [20/Jan/2026 13:56:44] "GET /static/css/styles.css HTTP/1.1" 304 -
2026-01-20 18:56:44.361: 192.168.0.143 - - [20/Jan/2026 13:56:44] "GET /static/img/logo.png HTTP/1.1" 304 -
2026-01-20 18:56:45.377: 192.168.0.143 - - [20/Jan/2026 13:56:45] "GET /entrepanos/22 HTTP/1.1" 200 -
2026-01-20 18:56:45.411: 192.168.0.143 - - [20/Jan/2026 13:56:45] "GET /static/css/styles.css HTTP/1.1" 304 -
2026-01-20 18:56:45.425: 192.168.0.143 - - [20/Jan/2026 13:56:45] "GET /static/img/logo.png HTTP/1.1" 304 -
2026-01-20 18:56:50.487: 192.168.0.143 - - [20/Jan/2026 13:56:50] "GET /estantes/3 HTTP/1.1" 200 -
2026-01-20 18:56:50.521: 192.168.0.143 - - [20/Jan/2026 13:56:50] "GET /static/css/styles.css HTTP/1.1" 304 -
2026-01-20 18:56:50.523: 192.168.0.143 - - [20/Jan/2026 13:56:50] "GET /static/img/logo.png HTTP/1.1" 304 -
2026-01-20 18:56:51.719: 192.168.0.143 - - [20/Jan/2026 13:56:51] "GET /entrepanos/23 HTTP/1.1" 200 -
2026-01-20 18:56:51.752: 192.168.0.143 - - [20/Jan/2026 13:56:51] "GET /static/css/styles.css HTTP/1.1" 304 -
2026-01-20 18:56:51.768: 192.168.0.143 - - [20/Jan/2026 13:56:51] "GET /static/img/logo.png HTTP/1.1" 304 -
2026-01-20 18:57:06.654: 192.168.0.143 - - [20/Jan/2026 13:57:06] "POST /items/crear/23 HTTP/1.1" 302 -
2026-01-20 18:57:06.696: 192.168.0.143 - - [20/Jan/2026 13:57:06] "GET /entrepanos/23 HTTP/1.1" 200 -
2026-01-20 18:57:06.732: 192.168.0.143 - - [20/Jan/2026 13:57:06] "GET /static/css/styles.css HTTP/1.1" 304 -
2026-01-20 18:57:06.732: 192.168.0.143 - - [20/Jan/2026 13:57:06] "GET /static/img/logo.png HTTP/1.1" 304 -
2026-01-20 18:57:24.312: 192.168.0.143 - - [20/Jan/2026 13:57:24] "GET /estantes/3 HTTP/1.1" 200 -
2026-01-20 18:57:24.361: 192.168.0.143 - - [20/Jan/2026 13:57:24] "GET /static/css/styles.css HTTP/1.1" 304 -
2026-01-20 18:57:24.361: 192.168.0.143 - - [20/Jan/2026 13:57:24] "GET /static/img/logo.png HTTP/1.1" 304 -
2026-01-20 18:57:33.837: 192.168.0.143 - - [20/Jan/2026 13:57:33] "GET /entrepanos/24 HTTP/1.1" 200 -
2026-01-20 18:57:33.872: 192.168.0.143 - - [20/Jan/2026 13:57:33] "GET /static/css/styles.css HTTP/1.1" 304 -
2026-01-20 18:57:33.872: 192.168.0.143 - - [20/Jan/2026 13:57:33] "GET /static/img/logo.png HTTP/1.1" 304 -
2026-01-20 18:57:43.675: 192.168.0.143 - - [20/Jan/2026 13:57:43] "POST /items/crear/24 HTTP/1.1" 302 -
2026-01-20 18:57:43.709: 192.168.0.143 - - [20/Jan/2026 13:57:43] "GET /entrepanos/24 HTTP/1.1" 200 -
2026-01-20 18:57:43.742: 192.168.0.143 - - [20/Jan/2026 13:57:43] "GET /static/img/logo.png HTTP/1.1" 304 -
2026-01-20 18:57:43.742: 192.168.0.143 - - [20/Jan/2026 13:57:43] "GET /static/css/styles.css HTTP/1.1" 304 -
2026-01-20 18:57:54.636: 192.168.0.143 - - [20/Jan/2026 13:57:54] "POST /items/crear/24 HTTP/1.1" 302 -
2026-01-20 18:57:54.684: 192.168.0.143 - - [20/Jan/2026 13:57:54] "GET /entrepanos/24 HTTP/1.1" 200 -
2026-01-20 18:57:54.736: 192.168.0.143 - - [20/Jan/2026 13:57:54] "GET /static/css/styles.css HTTP/1.1" 304 -
2026-01-20 18:57:54.736: 192.168.0.143 - - [20/Jan/2026 13:57:54] "GET /static/img/logo.png HTTP/1.1" 304 -
2026-01-20 18:58:05.918: 192.168.0.143 - - [20/Jan/2026 13:58:05] "POST /items/crear/24 HTTP/1.1" 302 -
2026-01-20 18:58:05.975: 192.168.0.143 - - [20/Jan/2026 13:58:05] "GET /entrepanos/24 HTTP/1.1" 200 -
2026-01-20 18:58:06.026: 192.168.0.143 - - [20/Jan/2026 13:58:06] "GET /static/css/styles.css HTTP/1.1" 304 -
2026-01-20 18:58:06.041: 192.168.0.143 - - [20/Jan/2026 13:58:06] "GET /static/img/logo.png HTTP/1.1" 304 -
2026-01-20 18:58:15.530: 192.168.0.143 - - [20/Jan/2026 13:58:15] "POST /items/crear/24 HTTP/1.1" 302 -
2026-01-20 18:58:15.574: 192.168.0.143 - - [20/Jan/2026 13:58:15] "GET /entrepanos/24 HTTP/1.1" 200 -
2026-01-20 18:58:15.625: 192.168.0.143 - - [20/Jan/2026 13:58:15] "GET /static/img/logo.png HTTP/1.1" 304 -
2026-01-20 18:58:15.625: 192.168.0.143 - - [20/Jan/2026 13:58:15] "GET /static/css/styles.css HTTP/1.1" 304 -
2026-01-20 18:58:35.844: 192.168.0.143 - - [20/Jan/2026 13:58:35] "POST /items/crear/24 HTTP/1.1" 302 -
2026-01-20 18:58:35.887: 192.168.0.143 - - [20/Jan/2026 13:58:35] "GET /entrepanos/24 HTTP/1.1" 200 -
2026-01-20 18:58:35.923: 192.168.0.143 - - [20/Jan/2026 13:58:35] "GET /static/img/logo.png HTTP/1.1" 304 -
2026-01-20 18:58:35.923: 192.168.0.143 - - [20/Jan/2026 13:58:35] "GET /static/css/styles.css HTTP/1.1" 304 -
2026-01-20 18:59:10.056: 192.168.0.143 - - [20/Jan/2026 13:59:10] "POST /items/crear/24 HTTP/1.1" 302 -
2026-01-20 18:59:10.102: 192.168.0.143 - - [20/Jan/2026 13:59:10] "GET /entrepanos/24 HTTP/1.1" 200 -
2026-01-20 18:59:10.143: 192.168.0.143 - - [20/Jan/2026 13:59:10] "GET /static/img/logo.png HTTP/1.1" 304 -
2026-01-20 18:59:10.143: 192.168.0.143 - - [20/Jan/2026 13:59:10] "GET /static/css/styles.css HTTP/1.1" 304 -
2026-01-20 18:59:40.239: 192.168.0.143 - - [20/Jan/2026 13:59:40] "GET /estantes/3 HTTP/1.1" 200 -
2026-01-20 18:59:40.270: 192.168.0.143 - - [20/Jan/2026 13:59:40] "GET /static/css/styles.css HTTP/1.1" 304 -
2026-01-20 18:59:40.289: 192.168.0.143 - - [20/Jan/2026 13:59:40] "GET /static/img/logo.png HTTP/1.1" 304 -
2026-01-20 18:59:42.399: 192.168.0.143 - - [20/Jan/2026 13:59:42] "GET /entrepanos/23 HTTP/1.1" 200 -
2026-01-20 18:59:42.425: 192.168.0.143 - - [20/Jan/2026 13:59:42] "GET /static/css/styles.css HTTP/1.1" 304 -
2026-01-20 18:59:42.437: 192.168.0.143 - - [20/Jan/2026 13:59:42] "GET /static/img/logo.png HTTP/1.1" 304 -
2026-01-20 18:59:58.131: 192.168.0.143 - - [20/Jan/2026 13:59:58] "POST /items/crear/23 HTTP/1.1" 302 -
2026-01-20 18:59:58.167: 192.168.0.143 - - [20/Jan/2026 13:59:58] "GET /entrepanos/23 HTTP/1.1" 200 -
2026-01-20 18:59:58.213: 192.168.0.143 - - [20/Jan/2026 13:59:58] "GET /static/css/styles.css HTTP/1.1" 304 -
2026-01-20 18:59:58.213: 192.168.0.143 - - [20/Jan/2026 13:59:58] "GET /static/img/logo.png HTTP/1.1" 304 -
2026-01-20 19:08:33.312: 192.168.0.143 - - [20/Jan/2026 14:08:33] "POST /items/75/eliminar HTTP/1.1" 302 -
2026-01-20 19:08:33.345: 192.168.0.143 - - [20/Jan/2026 14:08:33] "GET /entrepanos/23 HTTP/1.1" 200 -
2026-01-20 19:08:33.396: 192.168.0.143 - - [20/Jan/2026 14:08:33] "GET /static/css/styles.css HTTP/1.1" 304 -
2026-01-20 19:08:33.396: 192.168.0.143 - - [20/Jan/2026 14:08:33] "GET /static/img/logo.png HTTP/1.1" 304 -
2026-01-20 19:08:35.034: 192.168.0.143 - - [20/Jan/2026 14:08:35] "POST /items/76/eliminar HTTP/1.1" 302 -
2026-01-20 19:08:35.067: 192.168.0.143 - - [20/Jan/2026 14:08:35] "GET /entrepanos/23 HTTP/1.1" 200 -
2026-01-20 19:08:35.100: 192.168.0.143 - - [20/Jan/2026 14:08:35] "GET /static/css/styles.css HTTP/1.1" 304 -
2026-01-20 19:08:35.100: 192.168.0.143 - - [20/Jan/2026 14:08:35] "GET /static/img/logo.png HTTP/1.1" 304 -
2026-01-20 19:08:36.487: 192.168.0.143 - - [20/Jan/2026 14:08:36] "POST /items/77/eliminar HTTP/1.1" 302 -
2026-01-20 19:08:36.525: 192.168.0.143 - - [20/Jan/2026 14:08:36] "GET /entrepanos/23 HTTP/1.1" 200 -
2026-01-20 19:08:36.555: 192.168.0.143 - - [20/Jan/2026 14:08:36] "GET /static/css/styles.css HTTP/1.1" 304 -
2026-01-20 19:08:36.559: 192.168.0.143 - - [20/Jan/2026 14:08:36] "GET /static/img/logo.png HTTP/1.1" 304 -
2026-01-20 19:08:38.100: 192.168.0.143 - - [20/Jan/2026 14:08:38] "GET /estantes/3 HTTP/1.1" 200 -
2026-01-20 19:08:38.133: 192.168.0.143 - - [20/Jan/2026 14:08:38] "GET /static/css/styles.css HTTP/1.1" 304 -
2026-01-20 19:08:38.133: 192.168.0.143 - - [20/Jan/2026 14:08:38] "GET /static/img/logo.png HTTP/1.1" 304 -
2026-01-20 19:08:44.467: 192.168.0.143 - - [20/Jan/2026 14:08:44] "POST /entrepanos/24/eliminar HTTP/1.1" 302 -
2026-01-20 19:08:44.501: 192.168.0.143 - - [20/Jan/2026 14:08:44] "GET /estantes/3 HTTP/1.1" 200 -
2026-01-20 19:08:44.531: 192.168.0.143 - - [20/Jan/2026 14:08:44] "GET /static/css/styles.css HTTP/1.1" 304 -
2026-01-20 19:08:44.535: 192.168.0.143 - - [20/Jan/2026 14:08:44] "GET /static/img/logo.png HTTP/1.1" 304 -
2026-01-20 19:08:45.475: 192.168.0.143 - - [20/Jan/2026 14:08:45] "POST /entrepanos/23/eliminar HTTP/1.1" 302 -
2026-01-20 19:08:45.509: 192.168.0.143 - - [20/Jan/2026 14:08:45] "GET /estantes/3 HTTP/1.1" 200 -
2026-01-20 19:08:45.542: 192.168.0.143 - - [20/Jan/2026 14:08:45] "GET /static/css/styles.css HTTP/1.1" 304 -
2026-01-20 19:08:45.542: 192.168.0.143 - - [20/Jan/2026 14:08:45] "GET /static/img/logo.png HTTP/1.1" 304 -
2026-01-20 19:08:46.146: 192.168.0.143 - - [20/Jan/2026 14:08:46] "POST /entrepanos/22/eliminar HTTP/1.1" 302 -
2026-01-20 19:08:46.179: 192.168.0.143 - - [20/Jan/2026 14:08:46] "GET /estantes/3 HTTP/1.1" 200 -
2026-01-20 19:08:46.212: 192.168.0.143 - - [20/Jan/2026 14:08:46] "GET /static/css/styles.css HTTP/1.1" 304 -
2026-01-20 19:08:46.212: 192.168.0.143 - - [20/Jan/2026 14:08:46] "GET /static/img/logo.png HTTP/1.1" 304 -
2026-01-20 19:08:46.726: 192.168.0.143 - - [20/Jan/2026 14:08:46] "POST /entrepanos/21/eliminar HTTP/1.1" 302 -
2026-01-20 19:08:46.756: 192.168.0.143 - - [20/Jan/2026 14:08:46] "GET /estantes/3 HTTP/1.1" 200 -
2026-01-20 19:08:46.811: 192.168.0.143 - - [20/Jan/2026 14:08:46] "GET /static/css/styles.css HTTP/1.1" 304 -
2026-01-20 19:08:46.811: 192.168.0.143 - - [20/Jan/2026 14:08:46] "GET /static/img/logo.png HTTP/1.1" 304 -
2026-01-20 19:08:53.413: 192.168.0.143 - - [20/Jan/2026 14:08:53] "GET / HTTP/1.1" 200 -
2026-01-20 19:08:53.467: 192.168.0.143 - - [20/Jan/2026 14:08:53] "GET /static/css/styles.css HTTP/1.1" 304 -
2026-01-20 19:08:53.467: 192.168.0.143 - - [20/Jan/2026 14:08:53] "GET /static/img/logo.png HTTP/1.1" 304 -
2026-01-20 19:08:58.107: 192.168.0.143 - - [20/Jan/2026 14:08:58] "GET /estantes/3 HTTP/1.1" 200 -
2026-01-20 19:08:58.162: 192.168.0.143 - - [20/Jan/2026 14:08:58] "GET /static/css/styles.css HTTP/1.1" 304 -
2026-01-20 19:08:58.175: 192.168.0.143 - - [20/Jan/2026 14:08:58] "GET /static/img/logo.png HTTP/1.1" 304 -
2026-01-20 19:09:00.403: 192.168.0.143 - - [20/Jan/2026 14:09:00] "GET / HTTP/1.1" 200 -
2026-01-20 19:09:00.434: 192.168.0.143 - - [20/Jan/2026 14:09:00] "GET /static/css/styles.css HTTP/1.1" 304 -
2026-01-20 19:09:00.441: 192.168.0.143 - - [20/Jan/2026 14:09:00] "GET /static/img/logo.png HTTP/1.1" 304 -
2026-01-20 19:09:01.514: 192.168.0.143 - - [20/Jan/2026 14:09:01] "POST /estantes/3/eliminar HTTP/1.1" 302 -
2026-01-20 19:09:01.548: 192.168.0.143 - - [20/Jan/2026 14:09:01] "GET / HTTP/1.1" 200 -
2026-01-20 19:09:01.581: 192.168.0.143 - - [20/Jan/2026 14:09:01] "GET /static/img/logo.png HTTP/1.1" 304 -
2026-01-20 19:09:01.581: 192.168.0.143 - - [20/Jan/2026 14:09:01] "GET /static/css/styles.css HTTP/1.1" 304 -
2026-01-20 19:12:28.753: 192.168.0.31 - - [20/Jan/2026 14:12:28] "GET / HTTP/1.1" 200 -
2026-01-20 19:12:28.786: 192.168.0.31 - - [20/Jan/2026 14:12:28] "GET /static/img/logo.png HTTP/1.1" 304 -
2026-01-20 19:12:28.786: 192.168.0.31 - - [20/Jan/2026 14:12:28] "GET /static/css/styles.css HTTP/1.1" 304 -
2026-01-20 19:12:29.436: 192.168.0.31 - - [20/Jan/2026 14:12:29] "GET / HTTP/1.1" 200 -
2026-01-20 19:12:29.467: 192.168.0.31 - - [20/Jan/2026 14:12:29] "GET /static/css/styles.css HTTP/1.1" 304 -
2026-01-20 19:12:29.467: 192.168.0.31 - - [20/Jan/2026 14:12:29] "GET /static/img/logo.png HTTP/1.1" 304 -
2026-01-20 19:12:29.805: 192.168.0.31 - - [20/Jan/2026 14:12:29] "GET / HTTP/1.1" 200 -
2026-01-20 19:12:29.837: 192.168.0.31 - - [20/Jan/2026 14:12:29] "GET /static/css/styles.css HTTP/1.1" 304 -
2026-01-20 19:12:29.837: 192.168.0.31 - - [20/Jan/2026 14:12:29] "GET /static/img/logo.png HTTP/1.1" 304 -
2026-01-20 19:12:30.018: 192.168.0.31 - - [20/Jan/2026 14:12:30] "GET / HTTP/1.1" 200 -
2026-01-20 19:12:30.048: 192.168.0.31 - - [20/Jan/2026 14:12:30] "GET /static/css/styles.css HTTP/1.1" 304 -
2026-01-20 19:12:30.048: 192.168.0.31 - - [20/Jan/2026 14:12:30] "GET /static/img/logo.png HTTP/1.1" 304 -
2026-01-20 19:12:30.460: 192.168.0.31 - - [20/Jan/2026 14:12:30] "GET / HTTP/1.1" 200 -
2026-01-20 19:12:30.492: 192.168.0.31 - - [20/Jan/2026 14:12:30] "GET /static/img/logo.png HTTP/1.1" 304 -
2026-01-20 19:12:30.492: 192.168.0.31 - - [20/Jan/2026 14:12:30] "GET /static/css/styles.css HTTP/1.1" 304 -
2026-01-20 19:14:28.774: 192.168.0.31 - - [20/Jan/2026 14:14:28] "GET /estantes/2 HTTP/1.1" 200 -
2026-01-20 19:14:28.789: 192.168.0.31 - - [20/Jan/2026 14:14:28] "GET /static/img/logo.png HTTP/1.1" 304 -
2026-01-20 19:14:28.789: 192.168.0.31 - - [20/Jan/2026 14:14:28] "GET /static/css/styles.css HTTP/1.1" 304 -
